<?xml version="1.0" encoding="UTF-8"?>
<!-- Generated by org.testng.reporters.JUnitReportReporter -->
<testsuite hostname="LAPTOP-Q2QRT6J2" failures="0" tests="1" name="com.enterprise.automation.tests.LoginTest" time="39.945" errors="0" timestamp="2025-06-30T04:56:28 IST" skipped="0">
  <testcase classname="com.enterprise.automation.tests.LoginTest" name="verifyLoginSuccess" time="39.945"/>
</testsuite> <!-- com.enterprise.automation.tests.LoginTest -->
